<?xml version="1.0" encoding="UTF-8"?>
<testsuite name="com.example.efub.seminar07.web.UserControllerTest" tests="1" skipped="0" failures="0" errors="0" timestamp="2022-05-10T11:31:55" hostname="DESKTOP-5JECIN5" time="0.451">
  <properties/>
  <testcase name="사용자없음_예외처리를한다()" classname="com.example.efub.seminar07.web.UserControllerTest" time="0.451"/>
  <system-out><![CDATA[20:31:52.614 [Test worker] DEBUG org.springframework.test.context.BootstrapUtils - Instantiating CacheAwareContextLoaderDelegate from class [org.springframework.test.context.cache.DefaultCacheAwareContextLoaderDelegate]
20:31:52.632 [Test worker] DEBUG org.springframework.test.context.BootstrapUtils - Instantiating BootstrapContext using constructor [public org.springframework.test.context.support.DefaultBootstrapContext(java.lang.Class,org.springframework.test.context.CacheAwareContextLoaderDelegate)]
20:31:52.690 [Test worker] DEBUG org.springframework.test.context.BootstrapUtils - Instantiating TestContextBootstrapper for test class [com.example.efub.seminar07.web.UserControllerTest] from class [org.springframework.boot.test.autoconfigure.web.servlet.WebMvcTestContextBootstrapper]
20:31:52.706 [Test worker] INFO org.springframework.boot.test.autoconfigure.web.servlet.WebMvcTestContextBootstrapper - Neither @ContextConfiguration nor @ContextHierarchy found for test class [com.example.efub.seminar07.web.UserControllerTest], using SpringBootContextLoader
20:31:52.712 [Test worker] DEBUG org.springframework.test.context.support.AbstractContextLoader - Did not detect default resource location for test class [com.example.efub.seminar07.web.UserControllerTest]: class path resource [com/example/efub/seminar07/web/UserControllerTest-context.xml] does not exist
20:31:52.713 [Test worker] DEBUG org.springframework.test.context.support.AbstractContextLoader - Did not detect default resource location for test class [com.example.efub.seminar07.web.UserControllerTest]: class path resource [com/example/efub/seminar07/web/UserControllerTestContext.groovy] does not exist
20:31:52.713 [Test worker] INFO org.springframework.test.context.support.AbstractContextLoader - Could not detect default resource locations for test class [com.example.efub.seminar07.web.UserControllerTest]: no resource found for suffixes {-context.xml, Context.groovy}.
20:31:52.714 [Test worker] INFO org.springframework.test.context.support.AnnotationConfigContextLoaderUtils - Could not detect default configuration classes for test class [com.example.efub.seminar07.web.UserControllerTest]: UserControllerTest does not declare any static, non-private, non-final, nested classes annotated with @Configuration.
20:31:52.799 [Test worker] DEBUG org.springframework.test.context.support.ActiveProfilesUtils - Could not find an 'annotation declaring class' for annotation type [org.springframework.test.context.ActiveProfiles] and class [com.example.efub.seminar07.web.UserControllerTest]
20:31:52.876 [Test worker] DEBUG org.springframework.context.annotation.ClassPathScanningCandidateComponentProvider - Identified candidate component class: file [C:\Users\2171082\Downloads\seminar07\seminar07\build\classes\java\main\com\example\efub\seminar07\Seminar07Application.class]
20:31:52.878 [Test worker] INFO org.springframework.boot.test.context.SpringBootTestContextBootstrapper - Found @SpringBootConfiguration com.example.efub.seminar07.Seminar07Application for test class com.example.efub.seminar07.web.UserControllerTest
20:31:52.883 [Test worker] DEBUG org.springframework.boot.test.autoconfigure.web.servlet.WebMvcTestContextBootstrapper - @TestExecutionListeners is not present for class [com.example.efub.seminar07.web.UserControllerTest]: using defaults.
20:31:52.884 [Test worker] INFO org.springframework.boot.test.autoconfigure.web.servlet.WebMvcTestContextBootstrapper - Loaded default TestExecutionListener class names from location [META-INF/spring.factories]: [org.springframework.boot.test.autoconfigure.restdocs.RestDocsTestExecutionListener, org.springframework.boot.test.autoconfigure.web.client.MockRestServiceServerResetTestExecutionListener, org.springframework.boot.test.autoconfigure.web.servlet.MockMvcPrintOnlyOnFailureTestExecutionListener, org.springframework.boot.test.autoconfigure.web.servlet.WebDriverTestExecutionListener, org.springframework.boot.test.autoconfigure.webservices.client.MockWebServiceServerTestExecutionListener, org.springframework.boot.test.mock.mockito.MockitoTestExecutionListener, org.springframework.boot.test.mock.mockito.ResetMocksTestExecutionListener, org.springframework.test.context.web.ServletTestExecutionListener, org.springframework.test.context.support.DirtiesContextBeforeModesTestExecutionListener, org.springframework.test.context.event.ApplicationEventsTestExecutionListener, org.springframework.test.context.support.DependencyInjectionTestExecutionListener, org.springframework.test.context.support.DirtiesContextTestExecutionListener, org.springframework.test.context.transaction.TransactionalTestExecutionListener, org.springframework.test.context.jdbc.SqlScriptsTestExecutionListener, org.springframework.test.context.event.EventPublishingTestExecutionListener]
20:31:52.908 [Test worker] INFO org.springframework.boot.test.autoconfigure.web.servlet.WebMvcTestContextBootstrapper - Using TestExecutionListeners: [org.springframework.test.context.web.ServletTestExecutionListener@e24ddd0, org.springframework.test.context.support.DirtiesContextBeforeModesTestExecutionListener@6f70f32f, org.springframework.test.context.event.ApplicationEventsTestExecutionListener@548e76f1, org.springframework.boot.test.mock.mockito.MockitoTestExecutionListener@5aabbb29, org.springframework.boot.test.autoconfigure.SpringBootDependencyInjectionTestExecutionListener@72c927f1, org.springframework.test.context.support.DirtiesContextTestExecutionListener@1ac85b0c, org.springframework.test.context.transaction.TransactionalTestExecutionListener@3dd69f5a, org.springframework.test.context.jdbc.SqlScriptsTestExecutionListener@3aa3193a, org.springframework.test.context.event.EventPublishingTestExecutionListener@1ee4730, org.springframework.boot.test.autoconfigure.restdocs.RestDocsTestExecutionListener@59a67c3a, org.springframework.boot.test.autoconfigure.web.client.MockRestServiceServerResetTestExecutionListener@5003041b, org.springframework.boot.test.autoconfigure.web.servlet.MockMvcPrintOnlyOnFailureTestExecutionListener@724bade8, org.springframework.boot.test.autoconfigure.web.servlet.WebDriverTestExecutionListener@16fb356, org.springframework.boot.test.autoconfigure.webservices.client.MockWebServiceServerTestExecutionListener@6bc248ed, org.springframework.boot.test.mock.mockito.ResetMocksTestExecutionListener@23a9ba52]
20:31:52.913 [Test worker] DEBUG org.springframework.test.context.support.AbstractDirtiesContextTestExecutionListener - Before test class: context [DefaultTestContext@245a26e1 testClass = UserControllerTest, testInstance = [null], testMethod = [null], testException = [null], mergedContextConfiguration = [WebMergedContextConfiguration@4d63b624 testClass = UserControllerTest, locations = '{}', classes = '{class com.example.efub.seminar07.Seminar07Application}', contextInitializerClasses = '[]', activeProfiles = '{}', propertySourceLocations = '{}', propertySourceProperties = '{org.springframework.boot.test.autoconfigure.web.servlet.WebMvcTestContextBootstrapper=true}', contextCustomizers = set[org.springframework.boot.test.autoconfigure.OverrideAutoConfigurationContextCustomizerFactory$DisableAutoConfigurationContextCustomizer@3dddefd8, org.springframework.boot.test.autoconfigure.actuate.metrics.MetricsExportContextCustomizerFactory$DisableMetricExportContextCustomizer@5316e95f, org.springframework.boot.test.autoconfigure.filter.TypeExcludeFiltersContextCustomizer@dd306992, org.springframework.boot.test.autoconfigure.properties.PropertyMappingContextCustomizer@d27ec53, org.springframework.boot.test.autoconfigure.web.servlet.WebDriverContextCustomizerFactory$Customizer@61bcd567, [ImportsContextCustomizer@466cf502 key = [org.springframework.boot.autoconfigure.cache.CacheAutoConfiguration, org.springframework.boot.autoconfigure.context.MessageSourceAutoConfiguration, org.springframework.boot.autoconfigure.data.web.SpringDataWebAutoConfiguration, org.springframework.boot.autoconfigure.freemarker.FreeMarkerAutoConfiguration, org.springframework.boot.autoconfigure.groovy.template.GroovyTemplateAutoConfiguration, org.springframework.boot.autoconfigure.gson.GsonAutoConfiguration, org.springframework.boot.autoconfigure.hateoas.HypermediaAutoConfiguration, org.springframework.boot.autoconfigure.http.HttpMessageConvertersAutoConfiguration, org.springframework.boot.autoconfigure.jackson.JacksonAutoConfiguration, org.springframework.boot.autoconfigure.jsonb.JsonbAutoConfiguration, org.springframework.boot.autoconfigure.mustache.MustacheAutoConfiguration, org.springframework.boot.autoconfigure.task.TaskExecutionAutoConfiguration, org.springframework.boot.autoconfigure.thymeleaf.ThymeleafAutoConfiguration, org.springframework.boot.autoconfigure.validation.ValidationAutoConfiguration, org.springframework.boot.autoconfigure.web.servlet.error.ErrorMvcAutoConfiguration, org.springframework.boot.autoconfigure.web.servlet.HttpEncodingAutoConfiguration, org.springframework.boot.autoconfigure.web.servlet.WebMvcAutoConfiguration, org.springframework.boot.test.autoconfigure.web.servlet.MockMvcAutoConfiguration, org.springframework.boot.test.autoconfigure.web.servlet.MockMvcWebClientAutoConfiguration, org.springframework.boot.test.autoconfigure.web.servlet.MockMvcWebDriverAutoConfiguration, org.springframework.boot.autoconfigure.security.oauth2.client.servlet.OAuth2ClientAutoConfiguration, org.springframework.boot.autoconfigure.security.oauth2.resource.servlet.OAuth2ResourceServerAutoConfiguration, org.springframework.boot.autoconfigure.security.servlet.SecurityAutoConfiguration, org.springframework.boot.autoconfigure.security.servlet.SecurityFilterAutoConfiguration, org.springframework.boot.autoconfigure.security.servlet.UserDetailsServiceAutoConfiguration, org.springframework.boot.test.autoconfigure.web.servlet.MockMvcSecurityConfiguration, org.springframework.boot.test.autoconfigure.web.reactive.WebTestClientAutoConfiguration]], org.springframework.boot.test.context.filter.ExcludeFilterContextCustomizer@5860f3d7, org.springframework.boot.test.json.DuplicateJsonObjectContextCustomizerFactory$DuplicateJsonObjectContextCustomizer@1ddae9b5, org.springframework.boot.test.mock.mockito.MockitoContextCustomizer@74d1964, org.springframework.boot.test.context.SpringBootTestArgs@1, org.springframework.boot.test.context.SpringBootTestWebEnvironment@0], resourceBasePath = 'src/main/webapp', contextLoader = 'org.springframework.boot.test.context.SpringBootContextLoader', parent = [null]], attributes = map[[empty]]], class annotated with @DirtiesContext [false] with mode [null].

  .   ____          _            __ _ _
 /\\ / ___'_ __ _ _(_)_ __  __ _ \ \ \ \
( ( )\___ | '_ | '_| | '_ \/ _` | \ \ \ \
 \\/  ___)| |_)| | | | | || (_| |  ) ) ) )
  '  |____| .__|_| |_|_| |_\__, | / / / /
 =========|_|==============|___/=/_/_/_/
 :: Spring Boot ::                (v2.6.7)

2022-05-10 20:31:53.476  INFO 12220 --- [    Test worker] c.e.e.seminar07.web.UserControllerTest   : Starting UserControllerTest using Java 11.0.14 on DESKTOP-5JECIN5 with PID 12220 (started by 2171082 in C:\Users\2171082\Downloads\seminar07\seminar07)
2022-05-10 20:31:53.477  INFO 12220 --- [    Test worker] c.e.e.seminar07.web.UserControllerTest   : No active profile set, falling back to 1 default profile: "default"
2022-05-10 20:31:55.556  INFO 12220 --- [    Test worker] o.s.b.t.m.w.SpringBootMockServletContext : Initializing Spring TestDispatcherServlet ''
2022-05-10 20:31:55.556  INFO 12220 --- [    Test worker] o.s.t.web.servlet.TestDispatcherServlet  : Initializing Servlet ''
2022-05-10 20:31:55.567  INFO 12220 --- [    Test worker] o.s.t.web.servlet.TestDispatcherServlet  : Completed initialization in 2 ms
2022-05-10 20:31:55.626  INFO 12220 --- [    Test worker] c.e.e.seminar07.web.UserControllerTest   : Started UserControllerTest in 2.654 seconds (JVM running for 4.644)
]]></system-out>
  <system-err><![CDATA[]]></system-err>
</testsuite>
